<?xml version="1.0" encoding="UTF-8"?>
<testng-results ignored="0" total="1" passed="1" failed="0" skipped="0">
  <reporter-output>
  </reporter-output>
  <suite started-at="2023-12-19T18:41:00 EST" name="Default suite" finished-at="2023-12-19T19:09:24 EST" duration-ms="1703822">
    <groups>
    </groups>
    <test started-at="2023-12-19T18:41:00 EST" name="Default test" finished-at="2023-12-19T19:09:24 EST" duration-ms="1703822">
      <class name="com.categories.PCOS_Scrapping">
        <test-method signature="hypertensionrecipes()[pri:0, instance:com.categories.PCOS_Scrapping@4d178d55]" started-at="2023-12-19T18:41:00 EST" name="hypertensionrecipes" finished-at="2023-12-19T19:09:24 EST" duration-ms="1703760" status="PASS">
          <reporter-output>
          </reporter-output>
        </test-method> <!-- hypertensionrecipes -->
      </class> <!-- com.categories.PCOS_Scrapping -->
    </test> <!-- Default test -->
  </suite> <!-- Default suite -->
</testng-results>
